-------------------------------------------------------------------------------
Test set: com.javatechie.CrmApplicationTests
-------------------------------------------------------------------------------
Tests run: 1, Failures: 0, Errors: 1, Skipped: 0, Time elapsed: 0.204 s <<< FAILURE! - in com.javatechie.CrmApplicationTests
com.javatechie.CrmApplicationTests  Time elapsed: 0.203 s  <<< ERROR!
java.lang.IllegalStateException: Unable to find a @SpringBootConfiguration, you need to use @ContextConfiguration or @SpringBootTest(classes=...) with your test

